* 000000 [Engine] Log started at 2021/12/8 13:45:27
* 000000 [Engine] This copy of the engine is git hash a303cc388370e8f8d41b2fb6878f7e3716d77b9d, built on Dec  4 2021, at 16:40:22
* 000000 [Engine] Platform: Windows
# 000000 [Engine] Unknown game metadata key '#devid', ignoring
# 000000 [Engine] Unknown game metadata key '#devtitle', ignoring
# 000000 [Engine] Unknown game metadata key '#gameid', ignoring
# 000000 [Engine] Unknown game metadata key '#gametitle', ignoring
# 000000 [Engine] Unknown game metadata key '#version', ignoring
# 000000 [Engine] Unknown game metadata key '#icon', ignoring
# 000000 [Engine] Unknown game metadata key '#compile_ruby', ignoring
# 000000 [Engine] Unknown game metadata key '#packageid', ignoring
! 000000 [Engine] Metadata file does not have all required fields!
- 000000 [Engine] Game ID: hello-SDL
- 000000 [Engine] Game title: Update metadata/game_metadata.txt in your mygame directory to change this title.
- 000000 [Engine] Game version: 1.0
- 000000 [Engine] Game package ID: org.dragonruby.hello-SDL
- 000000 [Engine] Game Developer ID: dragonruby
- 000000 [Engine] Game Developer title: DragonRuby LLC
- 000000 [Engine] Production build: no
? 000000 [Engine] RNG seed has been set to 1638989127.
? 000000 [Engine] Marked app/main.rb for reload. (-1)
? 000000 [Game] [NetLib][Server] Initializing
? 000000 [Game] [NetLib][Server] port: 9001
? 000000 [Game] [NetLib][Server] host url: http://localhost:9001/
? 000000 [Game] [NetLib][Server] local url: http://192.168.1.10:9001/
? 000001 [Game] [NetLib][Server] external url: http://24.2.219.239:9001/
? 000001 [Game] [NetLib][Client] Initializing
* 000013 [Engine] Logging shutting down
